reference trajectory saved: (14001, 3)
bif_c 0/160 c=20.00 maxima=0
bif_c 20/160 c=21.89 maxima=32
bif_c 40/160 c=23.77 maxima=40
bif_c 60/160 c=25.66 maxima=40
bif_c 80/160 c=27.55 maxima=40
bif_c 100/160 c=29.43 maxima=40
bif_c 120/160 c=31.32 maxima=40
bif_c 140/160 c=33.21 maxima=40
bifurcation_c done (5827, 2)
bif_q 0/160 q=0.800 maxima=0
bif_q 20/160 q=0.825 maxima=40
bif_q 40/160 q=0.850 maxima=40
bif_q 60/160 q=0.875 maxima=40
bif_q 80/160 q=0.901 maxima=40
bif_q 100/160 q=0.926 maxima=40
bif_q 120/160 q=0.951 maxima=40
bif_q 140/160 q=0.976 maxima=40
bifurcation_q done (5930, 2)
LLE q=0.8500 -> 2.76720
LLE q=0.8565 -> 2.54269
LLE q=0.8630 -> 2.60872
LLE q=0.8696 -> 2.60651
LLE q=0.8761 -> 2.41649
LLE q=0.8826 -> 2.43582
LLE q=0.8891 -> 2.36753
LLE q=0.8957 -> 2.33618
LLE q=0.9022 -> 2.39770
LLE q=0.9087 -> 2.23487
LLE q=0.9152 -> 2.52977
LLE q=0.9217 -> 2.69025
LLE q=0.9283 -> 2.44870
LLE q=0.9348 -> 2.52772
LLE q=0.9413 -> 2.62836
LLE q=0.9478 -> 2.66784
LLE q=0.9543 -> 2.64565
LLE q=0.9609 -> 2.40549
LLE q=0.9674 -> 2.43230
LLE q=0.9739 -> 1.67824
LLE q=0.9804 -> 2.03097
LLE q=0.9870 -> 2.12175
LLE q=0.9935 -> 2.10536
LLE q=1.0000 -> 2.11715
lyapunov_vs_q done
0-1 test q=0.8500 -> K=0.9985
0-1 test q=0.8565 -> K=0.9977
0-1 test q=0.8630 -> K=0.9978
0-1 test q=0.8696 -> K=0.9982
0-1 test q=0.8761 -> K=0.9986
0-1 test q=0.8826 -> K=0.9973
0-1 test q=0.8891 -> K=0.9977
0-1 test q=0.8957 -> K=0.9979
0-1 test q=0.9022 -> K=0.9978
0-1 test q=0.9087 -> K=0.9978
0-1 test q=0.9152 -> K=0.9982
0-1 test q=0.9217 -> K=0.9975
0-1 test q=0.9283 -> K=0.9979
0-1 test q=0.9348 -> K=0.9979
0-1 test q=0.9413 -> K=0.9973
0-1 test q=0.9478 -> K=0.9989
0-1 test q=0.9543 -> K=0.9985
0-1 test q=0.9609 -> K=0.9978
0-1 test q=0.9674 -> K=0.9971
0-1 test q=0.9739 -> K=0.9974
0-1 test q=0.9804 -> K=0.9975
0-1 test q=0.9870 -> K=0.9977
0-1 test q=0.9935 -> K=0.9965
0-1 test q=1.0000 -> K=0.9964
test01_vs_q done
